Watching for file changes with StatReloader
[25/Feb/2026 20:09:20] "GET /client/ HTTP/1.1" 200 8012
[25/Feb/2026 20:09:20] "GET /static/client/js/camera.js HTTP/1.1" 200 8430
[25/Feb/2026 20:09:20] "GET /static/client/js/image-processor.js HTTP/1.1" 200 4998
[25/Feb/2026 20:11:12] "GET /client/ HTTP/1.1" 200 8012
[25/Feb/2026 20:11:12] "GET /static/client/js/camera.js HTTP/1.1" 200 8430
[25/Feb/2026 20:11:12] "GET /static/client/js/image-processor.js HTTP/1.1" 200 4998
[25/Feb/2026 20:15:28] "GET /client/ HTTP/1.1" 200 8012
[25/Feb/2026 20:15:28] "GET /static/client/js/image-processor.js HTTP/1.1" 200 4998
[25/Feb/2026 20:15:28] "GET /static/client/js/camera.js HTTP/1.1" 200 8430
[25/Feb/2026 20:18:08] "GET /client/ HTTP/1.1" 200 8012
[25/Feb/2026 20:18:08] "GET /static/client/js/image-processor.js HTTP/1.1" 200 4998
[25/Feb/2026 20:18:08] "GET /static/client/js/camera.js HTTP/1.1" 200 8430
[25/Feb/2026 20:21:02] "GET /client/ HTTP/1.1" 200 8012
[25/Feb/2026 20:21:02] "GET /static/client/js/camera.js HTTP/1.1" 200 8430
[25/Feb/2026 20:21:02] "GET /static/client/js/image-processor.js HTTP/1.1" 200 4998
[25/Feb/2026 20:22:28] "GET /client/ HTTP/1.1" 200 8012
[25/Feb/2026 20:22:28] "GET /static/client/js/camera.js HTTP/1.1" 200 8430
[25/Feb/2026 20:22:28] "GET /static/client/js/image-processor.js HTTP/1.1" 200 4998
[25/Feb/2026 20:22:30] "POST /api/process/ HTTP/1.1" 200 125
[25/Feb/2026 20:22:30] "GET /client/confirm/ HTTP/1.1" 200 4481
/app/services/recognition.py changed, reloading.
Performing system checks...

System check identified no issues (0 silenced).

You have 18 unapplied migration(s). Your project may not work properly until you apply the migrations for app(s): admin, auth, contenttypes, sessions.
Run 'python manage.py migrate' to apply them.
February 25, 2026 - 20:07:24
Django version 6.0.2, using settings 'ReceiptAI_Project.settings'
Starting development server at http://0.0.0.0:8000/
Quit the server with CONTROL-C.

WARNING: This is a development server. Do not use it in a production setting. Use a production WSGI or ASGI server instead.
For more information on production servers see: https://docs.djangoproject.com/en/6.0/howto/deployment/
Watching for file changes with StatReloader
/app/client/views.py changed, reloading.
Performing system checks...

System check identified no issues (0 silenced).

You have 18 unapplied migration(s). Your project may not work properly until you apply the migrations for app(s): admin, auth, contenttypes, sessions.
Run 'python manage.py migrate' to apply them.
March 04, 2026 - 20:56:06
Django version 6.0.2, using settings 'ReceiptAI_Project.settings'
Starting development server at http://0.0.0.0:8000/
Quit the server with CONTROL-C.

WARNING: This is a development server. Do not use it in a production setting. Use a production WSGI or ASGI server instead.
For more information on production servers see: https://docs.djangoproject.com/en/6.0/howto/deployment/
Watching for file changes with StatReloader
